<?xml version="1.0" encoding="utf-8"?><testsuites name="pytest tests"><testsuite name="pytest" errors="0" failures="1" skipped="0" tests="25" time="5.094" timestamp="2026-09-12T13:02:11.542068+00:00" hostname="agent-env-f950c87d-d8e1-4b96-8442-17f1311b6354"><testcase classname="tests.backend_test.TestLeaderboards" name="test_weekly_score" time="0.492" /><testcase classname="tests.backend_test.TestAuth" name="test_login_demo" time="0.480" /><testcase classname="tests.backend_test.TestAuth" name="test_login_invalid" time="0.067" /><testcase classname="tests.backend_test.TestLeaderboards" name="test_invalid_metric_400" time="0.105" /><testcase classname="tests.backend_test.TestAuth" name="test_me_without_auth" time="0.139" /><testcase classname="tests.backend_test.TestLeaderboards" name="test_invalid_period_400" time="0.069" /><testcase classname="tests.backend_test.TestLeaderboards" name="test_all_periods_metrics" time="2.212" /><testcase classname="tests.backend_test.TestAuth" name="test_me_with_token" time="0.466" /><testcase classname="tests.backend_test.TestAuth" name="test_register_and_duplicate" time="0.552" /><testcase classname="tests.backend_test.TestSync" name="test_get_sync_without_auth_401" time="0.154" /><testcase classname="tests.backend_test.TestSync" name="test_put_sync_without_auth_401" time="0.134" /><testcase classname="tests.backend_test.TestSync" name="test_put_then_get_roundtrip" time="0.695" /><testcase classname="tests.backend_test.TestDaily" name="test_daily_today" time="0.066" /><testcase classname="tests.backend_test.TestDaily" name="test_daily_status_new_player" time="0.068" /><testcase classname="tests.backend_test.TestRooms" name="test_create_and_get" time="0.161"><failure message="AssertionError: assert '6aa549a633b689d6a4121de7' == 'test-eec33370'&#10;  &#10;  - test-eec33370&#10;  + 6aa549a633b689d6a4121de7">backend/tests/backend_test.py:175: in test_create_and_get
    assert r2.json()["host_id"] == pid
E   AssertionError: assert '6aa549a633b689d6a4121de7' == 'test-eec33370'
E     
E     - test-eec33370
E     + 6aa549a633b689d6a4121de7</failure></testcase><testcase classname="tests.backend_test.TestLeaderboards" name="test_score_appears_in_alltime" time="0.177" /><testcase classname="tests.backend_test.TestRooms" name="test_invalid_word_count" time="0.064" /><testcase classname="tests.backend_test.TestScores" name="test_submit_valid" time="0.066" /><testcase classname="tests.backend_test.TestScoresDurationValidation" name="test_duration_too_short_rejected" time="0.104" /><testcase classname="tests.backend_test.TestScores" name="test_correct_gt_total_400" time="0.068" /><testcase classname="tests.backend_test.TestScoresDurationValidation" name="test_duration_ok_accepted" time="0.060" /><testcase classname="tests.backend_test.TestScores" name="test_zero_total_rejected" time="0.115" /><testcase classname="tests.backend_test" name="test_root" time="0.063" /><testcase classname="tests.backend_test.TestMultiplayerFlow" name="test_full_room_flow" time="1.270" /><testcase classname="tests.backend_test.TestScores" name="test_impossible_speed_rejected" time="0.068" /></testsuite></testsuites>